<?xml version="1.0" encoding="UTF-8"?>
<testng-results skipped="0" failed="1" ignored="0" total="2" passed="1">
  <reporter-output>
    <line>
      <![CDATA[loginToApplication Test Case is FAIL]]>
    </line>
    <line>
      <![CDATA[<br><img src='C:\Users\ketaki\MavenProjects\FramworkDesigning\Screenshots\1615315199349.jpg'height='300' width='300'/><br>]]>
    </line>
    <line>
      <![CDATA[<td><a href='C:\Users\ketaki\MavenProjects\FramworkDesigning\Screenshots\1615315199349.jpg'><img src='C:\Users\ketaki\MavenProjects\FramworkDesigning\Screenshots\1615315199349.jpg' height='300' width='300' /></a></td>]]>
    </line>
    <line>
      <![CDATA[logoutApplication Test Case is PASS]]>
    </line>
  </reporter-output>
  <suite name="Default suite" duration-ms="14488" started-at="2021-03-10T00:09:46 IST" finished-at="2021-03-10T00:10:01 IST">
    <groups>
    </groups>
    <test name="Default test" duration-ms="14488" started-at="2021-03-10T00:09:46 IST" finished-at="2021-03-10T00:10:01 IST">
      <class name="Tests.LoginPageTest">
        <test-method status="PASS" signature="setEnvironmentVariables()[pri:0, instance:Tests.LoginPageTest@1877ab81]" name="setEnvironmentVariables" is-config="true" duration-ms="16" started-at="2021-03-10T00:09:46 IST" finished-at="2021-03-10T00:09:46 IST">
          <reporter-output>
          </reporter-output>
        </test-method> <!-- setEnvironmentVariables -->
        <test-method status="PASS" signature="browserInitialize()[pri:0, instance:Tests.LoginPageTest@1877ab81]" name="browserInitialize" is-config="true" duration-ms="8129" started-at="2021-03-10T00:09:46 IST" finished-at="2021-03-10T00:09:54 IST">
          <reporter-output>
          </reporter-output>
        </test-method> <!-- browserInitialize -->
        <test-method status="FAIL" signature="loginToApplication(java.lang.String, java.lang.String, java.lang.String)[pri:0, instance:Tests.LoginPageTest@1877ab81]" name="loginToApplication" duration-ms="3882" started-at="2021-03-10T00:09:55 IST" data-provider="dataProviderLogin" finished-at="2021-03-10T00:09:58 IST">
          <params>
            <param index="0">
              <value>
                <![CDATA[ketaki.tayade@gmail.com]]>
              </value>
            </param>
            <param index="1">
              <value>
                <![CDATA[ketaki123]]>
              </value>
            </param>
            <param index="2">
              <value>
                <![CDATA[Logged in successfully1]]>
              </value>
            </param>
          </params>
          <exception class="java.lang.AssertionError">
            <message>
              <![CDATA[expected [Logged in successfully] but found [Logged in successfully1]]]>
            </message>
            <full-stacktrace>
              <![CDATA[java.lang.AssertionError: expected [Logged in successfully] but found [Logged in successfully1]
at org.testng.Assert.fail(Assert.java:97)
at org.testng.Assert.assertEqualsImpl(Assert.java:136)
at org.testng.Assert.assertEquals(Assert.java:118)
at org.testng.Assert.assertEquals(Assert.java:575)
at org.testng.Assert.assertEquals(Assert.java:585)
at Tests.LoginPageTest.loginToApplication(LoginPageTest.java:23)
at sun.reflect.NativeMethodAccessorImpl.invoke0(Native Method)
at sun.reflect.NativeMethodAccessorImpl.invoke(Unknown Source)
at sun.reflect.DelegatingMethodAccessorImpl.invoke(Unknown Source)
at java.lang.reflect.Method.invoke(Unknown Source)
at org.testng.internal.MethodInvocationHelper.invokeMethod(MethodInvocationHelper.java:134)
at org.testng.internal.TestInvoker.invokeMethod(TestInvoker.java:597)
at org.testng.internal.TestInvoker.invokeTestMethod(TestInvoker.java:173)
at org.testng.internal.MethodRunner.runInSequence(MethodRunner.java:46)
at org.testng.internal.TestInvoker$MethodInvocationAgent.invoke(TestInvoker.java:816)
at org.testng.internal.TestInvoker.invokeTestMethods(TestInvoker.java:146)
at org.testng.internal.TestMethodWorker.invokeTestMethods(TestMethodWorker.java:146)
at org.testng.internal.TestMethodWorker.run(TestMethodWorker.java:128)
at java.util.ArrayList.forEach(Unknown Source)
at org.testng.TestRunner.privateRun(TestRunner.java:766)
at org.testng.TestRunner.run(TestRunner.java:587)
at org.testng.SuiteRunner.runTest(SuiteRunner.java:384)
at org.testng.SuiteRunner.runSequentially(SuiteRunner.java:378)
at org.testng.SuiteRunner.privateRun(SuiteRunner.java:337)
at org.testng.SuiteRunner.run(SuiteRunner.java:286)
at org.testng.SuiteRunnerWorker.runSuite(SuiteRunnerWorker.java:53)
at org.testng.SuiteRunnerWorker.run(SuiteRunnerWorker.java:96)
at org.testng.TestNG.runSuitesSequentially(TestNG.java:1187)
at org.testng.TestNG.runSuitesLocally(TestNG.java:1109)
at org.testng.TestNG.runSuites(TestNG.java:1039)
at org.testng.TestNG.run(TestNG.java:1007)
at org.testng.remote.AbstractRemoteTestNG.run(AbstractRemoteTestNG.java:115)
at org.testng.remote.RemoteTestNG.initAndRun(RemoteTestNG.java:251)
at org.testng.remote.RemoteTestNG.main(RemoteTestNG.java:77)
]]>
            </full-stacktrace>
          </exception> <!-- java.lang.AssertionError -->
          <reporter-output>
            <line>
              <![CDATA[loginToApplication Test Case is FAIL]]>
            </line>
            <line>
              <![CDATA[<br><img src='C:\Users\ketaki\MavenProjects\FramworkDesigning\Screenshots\1615315199349.jpg'height='300' width='300'/><br>]]>
            </line>
            <line>
              <![CDATA[<td><a href='C:\Users\ketaki\MavenProjects\FramworkDesigning\Screenshots\1615315199349.jpg'><img src='C:\Users\ketaki\MavenProjects\FramworkDesigning\Screenshots\1615315199349.jpg' height='300' width='300' /></a></td>]]>
            </line>
          </reporter-output>
        </test-method> <!-- loginToApplication -->
        <test-method status="PASS" signature="logoutApplication()[pri:0, instance:Tests.LoginPageTest@1877ab81]" name="logoutApplication" duration-ms="1070" started-at="2021-03-10T00:09:59 IST" finished-at="2021-03-10T00:10:00 IST">
          <reporter-output>
            <line>
              <![CDATA[logoutApplication Test Case is PASS]]>
            </line>
          </reporter-output>
        </test-method> <!-- logoutApplication -->
        <test-method status="PASS" signature="tearDown()[pri:0, instance:Tests.LoginPageTest@1877ab81]" name="tearDown" is-config="true" duration-ms="848" started-at="2021-03-10T00:10:00 IST" finished-at="2021-03-10T00:10:01 IST">
          <reporter-output>
          </reporter-output>
        </test-method> <!-- tearDown -->
      </class> <!-- Tests.LoginPageTest -->
    </test> <!-- Default test -->
  </suite> <!-- Default suite -->
</testng-results>
